[20:50:33] [ServerMain/INFO]: Environment: Environment[sessionHost=https://sessionserver.mojang.com, servicesHost=https://api.minecraftservices.com, name=PROD]
[20:50:34] [ServerMain/INFO]: Loaded 1290 recipes
[20:50:34] [ServerMain/INFO]: Loaded 1399 advancements
[20:50:35] [Server thread/INFO]: Starting minecraft server version 1.21
[20:50:35] [Server thread/INFO]: Loading properties
[20:50:35] [Server thread/INFO]: Default game type: SURVIVAL
[20:50:35] [Server thread/INFO]: Generating keypair
[20:50:35] [Server thread/INFO]: Starting Minecraft server on *:25565
[20:50:35] [Server thread/INFO]: Using default channel type
[20:50:35] [Server thread/WARN]: **** SERVER IS RUNNING IN OFFLINE/INSECURE MODE!
[20:50:35] [Server thread/WARN]: The server will make no attempt to authenticate usernames. Beware.
[20:50:35] [Server thread/WARN]: While this makes the game possible to play without internet access, it also opens up the ability for hackers to connect with any username they choose.
[20:50:35] [Server thread/WARN]: To change this, set "online-mode" to "true" in the server.properties file.
[20:50:35] [Server thread/INFO]: Preparing level "world"
[20:50:36] [Server thread/INFO]: Preparing start region for dimension minecraft:overworld
[20:50:36] [Worker-Main-18/INFO]: Preparing spawn area: 0%
[20:50:36] [Server thread/INFO]: Time elapsed: 436 ms
[20:50:36] [Server thread/INFO]: Done (1.211s)! For help, type "help"
[20:50:36] [Server thread/INFO]: Starting GS4 status listener
[20:50:36] [Server thread/INFO]: Thread Query Listener started
[20:50:36] [Server thread/INFO]: Starting remote control listener
[20:50:36] [Query Listener #1/INFO]: Query running on 0.0.0.0:25565
[20:50:36] [Server thread/INFO]: Thread RCON Listener started
[20:50:36] [Server thread/INFO]: RCON running on 0.0.0.0:25575
[20:50:36] [Server thread/INFO]: Oleg6900[/109.185.75.45:65143] logged in with entity id 24 at (6.39678231156001, 81.23409430577728, 8.699999988079071)
[20:50:36] [Server thread/INFO]: Oleg6900 joined the game
[20:51:44] [Server thread/INFO]: Stopping the server
[20:51:44] [Server thread/INFO]: Stopping server
[20:51:44] [Server thread/INFO]: Saving players
[20:51:44] [Server thread/INFO]: Saving worlds
[20:51:44] [Server thread/INFO]: Saving chunks for level 'ServerLevel[world]'/minecraft:overworld
[20:51:44] [Server thread/INFO]: Saving chunks for level 'ServerLevel[world]'/minecraft:the_nether
[20:51:44] [Server thread/INFO]: Saving chunks for level 'ServerLevel[world]'/minecraft:the_end
[20:51:44] [Server thread/INFO]: ThreadedAnvilChunkStorage (world): All chunks are saved
[20:51:44] [Server thread/INFO]: ThreadedAnvilChunkStorage (DIM-1): All chunks are saved
[20:51:44] [Server thread/INFO]: ThreadedAnvilChunkStorage (DIM1): All chunks are saved
[20:51:44] [Server thread/INFO]: ThreadedAnvilChunkStorage: All dimensions are saved
[20:51:44] [Server thread/INFO]: Thread RCON Listener stopped
[20:51:45] [Server thread/INFO]: Thread Query Listener stopped
