[21:00:19] [ServerMain/INFO]: Environment: Environment[sessionHost=https://sessionserver.mojang.com, servicesHost=https://api.minecraftservices.com, name=PROD]
[21:00:20] [ServerMain/INFO]: Loaded 1290 recipes
[21:00:20] [ServerMain/INFO]: Loaded 1399 advancements
[21:00:21] [Server thread/INFO]: Starting minecraft server version 1.21
[21:00:21] [Server thread/INFO]: Loading properties
[21:00:21] [Server thread/INFO]: Default game type: SURVIVAL
[21:00:21] [Server thread/INFO]: Generating keypair
[21:00:21] [Server thread/INFO]: Starting Minecraft server on *:25565
[21:00:21] [Server thread/INFO]: Using default channel type
[21:00:21] [Server thread/WARN]: **** SERVER IS RUNNING IN OFFLINE/INSECURE MODE!
[21:00:21] [Server thread/WARN]: The server will make no attempt to authenticate usernames. Beware.
[21:00:21] [Server thread/WARN]: While this makes the game possible to play without internet access, it also opens up the ability for hackers to connect with any username they choose.
[21:00:21] [Server thread/WARN]: To change this, set "online-mode" to "true" in the server.properties file.
[21:00:21] [Server thread/INFO]: Preparing level "world"
[21:00:21] [Server thread/INFO]: Preparing start region for dimension minecraft:overworld
[21:00:21] [Worker-Main-19/INFO]: Preparing spawn area: 0%
[21:00:22] [Server thread/INFO]: Time elapsed: 304 ms
[21:00:22] [Server thread/INFO]: Done (0.841s)! For help, type "help"
[21:00:22] [Server thread/INFO]: Starting GS4 status listener
[21:00:22] [Server thread/INFO]: Thread Query Listener started
[21:00:22] [Server thread/INFO]: Starting remote control listener
[21:00:22] [Query Listener #1/INFO]: Query running on 0.0.0.0:25565
[21:00:22] [Server thread/INFO]: Thread RCON Listener started
[21:00:22] [Server thread/INFO]: RCON running on 0.0.0.0:25575
[21:00:54] [Server thread/INFO]: Stopping the server
[21:00:54] [Server thread/INFO]: Stopping server
[21:00:54] [Server thread/INFO]: Saving players
[21:00:54] [Server thread/INFO]: Saving worlds
[21:00:54] [Server thread/INFO]: Saving chunks for level 'ServerLevel[world]'/minecraft:overworld
[21:00:54] [Server thread/INFO]: Saving chunks for level 'ServerLevel[world]'/minecraft:the_nether
[21:00:54] [Server thread/INFO]: Saving chunks for level 'ServerLevel[world]'/minecraft:the_end
[21:00:54] [Server thread/INFO]: ThreadedAnvilChunkStorage (world): All chunks are saved
[21:00:54] [Server thread/INFO]: ThreadedAnvilChunkStorage (DIM-1): All chunks are saved
[21:00:54] [Server thread/INFO]: ThreadedAnvilChunkStorage (DIM1): All chunks are saved
[21:00:54] [Server thread/INFO]: ThreadedAnvilChunkStorage: All dimensions are saved
[21:00:54] [Server thread/INFO]: Thread RCON Listener stopped
[21:00:54] [Server thread/INFO]: Thread Query Listener stopped
