[17:27:43] [ServerMain/INFO]: Environment: Environment[sessionHost=https://sessionserver.mojang.com, servicesHost=https://api.minecraftservices.com, name=PROD]
[17:27:44] [ServerMain/INFO]: No existing world data, creating new world
[17:27:44] [ServerMain/INFO]: Loaded 1290 recipes
[17:27:44] [ServerMain/INFO]: Loaded 1399 advancements
[17:27:45] [Server thread/INFO]: Starting minecraft server version 1.21
[17:27:45] [Server thread/INFO]: Loading properties
[17:27:45] [Server thread/INFO]: Default game type: SURVIVAL
[17:27:45] [Server thread/INFO]: Generating keypair
[17:27:45] [Server thread/INFO]: Starting Minecraft server on *:25565
[17:27:45] [Server thread/INFO]: Using default channel type
[17:27:45] [Server thread/WARN]: **** SERVER IS RUNNING IN OFFLINE/INSECURE MODE!
[17:27:45] [Server thread/WARN]: The server will make no attempt to authenticate usernames. Beware.
[17:27:45] [Server thread/WARN]: While this makes the game possible to play without internet access, it also opens up the ability for hackers to connect with any username they choose.
[17:27:45] [Server thread/WARN]: To change this, set "online-mode" to "true" in the server.properties file.
[17:27:45] [Server thread/INFO]: Preparing level "world"
[17:27:46] [Server thread/INFO]: Preparing start region for dimension minecraft:overworld
[17:27:46] [Worker-Main-2/INFO]: Preparing spawn area: 2%
[17:27:47] [Worker-Main-3/INFO]: Preparing spawn area: 2%
[17:27:47] [Worker-Main-21/INFO]: Preparing spawn area: 51%
[17:27:48] [Server thread/INFO]: Time elapsed: 1328 ms
[17:27:48] [Server thread/INFO]: Done (2.849s)! For help, type "help"
[17:27:50] [Server thread/INFO]: Stopping the server
[17:27:50] [Server thread/INFO]: Stopping server
[17:27:50] [Server thread/INFO]: Saving players
[17:27:50] [Server thread/INFO]: Saving worlds
[17:27:50] [Server thread/INFO]: Saving chunks for level 'ServerLevel[world]'/minecraft:overworld
[17:27:51] [Server thread/INFO]: Saving chunks for level 'ServerLevel[world]'/minecraft:the_end
[17:27:51] [Server thread/INFO]: Saving chunks for level 'ServerLevel[world]'/minecraft:the_nether
[17:27:51] [Server thread/INFO]: ThreadedAnvilChunkStorage (world): All chunks are saved
[17:27:51] [Server thread/INFO]: ThreadedAnvilChunkStorage (DIM1): All chunks are saved
[17:27:51] [Server thread/INFO]: ThreadedAnvilChunkStorage (DIM-1): All chunks are saved
[17:27:51] [Server thread/INFO]: ThreadedAnvilChunkStorage: All dimensions are saved
