[17:25:36] [ServerMain/INFO]: Environment: Environment[sessionHost=https://sessionserver.mojang.com, servicesHost=https://api.minecraftservices.com, name=PROD]
[17:25:37] [ServerMain/INFO]: No existing world data, creating new world
[17:25:37] [ServerMain/INFO]: Loaded 1290 recipes
[17:25:37] [ServerMain/INFO]: Loaded 1399 advancements
[17:25:38] [Server thread/INFO]: Starting minecraft server version 1.21
[17:25:38] [Server thread/INFO]: Loading properties
[17:25:38] [Server thread/INFO]: Default game type: SURVIVAL
[17:25:38] [Server thread/INFO]: Generating keypair
[17:25:38] [Server thread/INFO]: Starting Minecraft server on *:25565
[17:25:38] [Server thread/INFO]: Using default channel type
[17:25:38] [Server thread/INFO]: Preparing level "world"
[17:25:39] [Server thread/INFO]: Preparing start region for dimension minecraft:overworld
[17:25:39] [Worker-Main-16/INFO]: Preparing spawn area: 2%
[17:25:40] [Worker-Main-23/INFO]: Preparing spawn area: 2%
[17:25:40] [Worker-Main-2/INFO]: Preparing spawn area: 51%
[17:25:41] [Server thread/INFO]: Time elapsed: 1416 ms
[17:25:41] [Server thread/INFO]: Done (2.938s)! For help, type "help"
[17:25:41] [Server thread/INFO]: Stopping the server
[17:25:42] [Server thread/INFO]: Stopping server
[17:25:42] [Server thread/INFO]: Saving players
[17:25:42] [Server thread/INFO]: Saving worlds
[17:25:42] [Server thread/INFO]: Saving chunks for level 'ServerLevel[world]'/minecraft:overworld
[17:25:42] [Server thread/INFO]: Saving chunks for level 'ServerLevel[world]'/minecraft:the_end
[17:25:42] [Server thread/INFO]: Saving chunks for level 'ServerLevel[world]'/minecraft:the_nether
[17:25:42] [Server thread/INFO]: ThreadedAnvilChunkStorage (world): All chunks are saved
[17:25:42] [Server thread/INFO]: ThreadedAnvilChunkStorage (DIM1): All chunks are saved
[17:25:42] [Server thread/INFO]: ThreadedAnvilChunkStorage (DIM-1): All chunks are saved
[17:25:42] [Server thread/INFO]: ThreadedAnvilChunkStorage: All dimensions are saved
