[17:21:59] [ServerMain/INFO]: Environment: Environment[sessionHost=https://sessionserver.mojang.com, servicesHost=https://api.minecraftservices.com, name=PROD]
[17:22:00] [ServerMain/INFO]: Loaded 1290 recipes
[17:22:00] [ServerMain/INFO]: Loaded 1399 advancements
[17:22:00] [Server thread/INFO]: Starting minecraft server version 1.21
[17:22:00] [Server thread/INFO]: Loading properties
[17:22:00] [Server thread/INFO]: Default game type: SURVIVAL
[17:22:00] [Server thread/INFO]: Generating keypair
[17:22:00] [Server thread/INFO]: Starting Minecraft server on *:25565
[17:22:01] [Server thread/INFO]: Using default channel type
[17:22:01] [Server thread/INFO]: Preparing level "world"
[17:22:01] [Server thread/INFO]: Preparing start region for dimension minecraft:overworld
[17:22:01] [Worker-Main-5/INFO]: Preparing spawn area: 0%
[17:22:01] [Server thread/INFO]: Time elapsed: 369 ms
[17:22:01] [Server thread/INFO]: Done (0.842s)! For help, type "help"
[17:22:09] [User Authenticator #1/INFO]: Disconnecting OlegHD69000 (/127.0.0.1:52765): Failed to verify username!
[17:22:09] [User Authenticator #1/ERROR]: Username 'OlegHD69000' tried to join with an invalid session
[17:22:09] [Server thread/INFO]: OlegHD69000 (/127.0.0.1:52765) lost connection: Failed to verify username!
[17:22:27] [Server thread/INFO]: Stopping the server
[17:22:27] [Server thread/INFO]: Stopping server
[17:22:27] [Server thread/INFO]: Saving players
[17:22:27] [Server thread/INFO]: Saving worlds
[17:22:27] [Server thread/INFO]: Saving chunks for level 'ServerLevel[world]'/minecraft:overworld
[17:22:27] [Server thread/INFO]: Saving chunks for level 'ServerLevel[world]'/minecraft:the_end
[17:22:27] [Server thread/INFO]: Saving chunks for level 'ServerLevel[world]'/minecraft:the_nether
[17:22:27] [Server thread/INFO]: ThreadedAnvilChunkStorage (world): All chunks are saved
[17:22:27] [Server thread/INFO]: ThreadedAnvilChunkStorage (DIM1): All chunks are saved
[17:22:27] [Server thread/INFO]: ThreadedAnvilChunkStorage (DIM-1): All chunks are saved
[17:22:27] [Server thread/INFO]: ThreadedAnvilChunkStorage: All dimensions are saved
