[20:01:55] [ServerMain/INFO]: Environment: Environment[sessionHost=https://sessionserver.mojang.com, servicesHost=https://api.minecraftservices.com, name=PROD]
[20:01:56] [ServerMain/INFO]: No existing world data, creating new world
[20:01:57] [ServerMain/INFO]: Loaded 1290 recipes
[20:01:57] [ServerMain/INFO]: Loaded 1399 advancements
[20:01:57] [Server thread/INFO]: Starting minecraft server version 1.21
[20:01:57] [Server thread/INFO]: Loading properties
[20:01:57] [Server thread/INFO]: Default game type: SURVIVAL
[20:01:57] [Server thread/INFO]: Generating keypair
[20:01:57] [Server thread/INFO]: Starting Minecraft server on *:25565
[20:01:57] [Server thread/INFO]: Using default channel type
[20:01:57] [Server thread/INFO]: Preparing level "world"
[20:01:59] [Server thread/INFO]: Preparing start region for dimension minecraft:overworld
[20:01:59] [Worker-Main-2/INFO]: Preparing spawn area: 2%
[20:02:00] [Worker-Main-22/INFO]: Preparing spawn area: 2%
[20:02:00] [Worker-Main-15/INFO]: Preparing spawn area: 18%
[20:02:01] [Worker-Main-12/INFO]: Preparing spawn area: 51%
[20:02:01] [Server thread/INFO]: Time elapsed: 1619 ms
[20:02:01] [Server thread/INFO]: Done (3.640s)! For help, type "help"
[20:02:02] [Server thread/INFO]: Stopping the server
[20:02:02] [Server thread/INFO]: Stopping server
[20:02:02] [Server thread/INFO]: Saving players
[20:02:02] [Server thread/INFO]: Saving worlds
[20:02:02] [Server thread/INFO]: Saving chunks for level 'ServerLevel[world]'/minecraft:overworld
[20:02:02] [Server thread/INFO]: Saving chunks for level 'ServerLevel[world]'/minecraft:the_end
[20:02:02] [Server thread/INFO]: Saving chunks for level 'ServerLevel[world]'/minecraft:the_nether
[20:02:02] [Server thread/INFO]: ThreadedAnvilChunkStorage (world): All chunks are saved
[20:02:02] [Server thread/INFO]: ThreadedAnvilChunkStorage (DIM1): All chunks are saved
[20:02:02] [Server thread/INFO]: ThreadedAnvilChunkStorage (DIM-1): All chunks are saved
[20:02:02] [Server thread/INFO]: ThreadedAnvilChunkStorage: All dimensions are saved
