[17:24:41] [ServerMain/INFO]: Environment: Environment[sessionHost=https://sessionserver.mojang.com, servicesHost=https://api.minecraftservices.com, name=PROD]
[17:24:42] [ServerMain/INFO]: Loaded 1290 recipes
[17:24:42] [ServerMain/INFO]: Loaded 1399 advancements
[17:24:43] [Server thread/INFO]: Starting minecraft server version 1.21
[17:24:43] [Server thread/INFO]: Loading properties
[17:24:43] [Server thread/INFO]: Default game type: SURVIVAL
[17:24:43] [Server thread/INFO]: Generating keypair
[17:24:43] [Server thread/INFO]: Starting Minecraft server on *:25565
[17:24:43] [Server thread/INFO]: Using default channel type
[17:24:43] [Server thread/WARN]: **** SERVER IS RUNNING IN OFFLINE/INSECURE MODE!
[17:24:43] [Server thread/WARN]: The server will make no attempt to authenticate usernames. Beware.
[17:24:43] [Server thread/WARN]: While this makes the game possible to play without internet access, it also opens up the ability for hackers to connect with any username they choose.
[17:24:43] [Server thread/WARN]: To change this, set "online-mode" to "true" in the server.properties file.
[17:24:43] [Server thread/INFO]: Preparing level "world"
[17:24:43] [Server thread/INFO]: Preparing start region for dimension minecraft:overworld
[17:24:43] [Worker-Main-7/INFO]: Preparing spawn area: 0%
[17:24:43] [Server thread/INFO]: Time elapsed: 312 ms
[17:24:43] [Server thread/INFO]: Done (0.740s)! For help, type "help"
[17:24:52] [Server thread/INFO]: OlegHD69000[/127.0.0.1:52991] logged in with entity id 30 at (88.5, 64.0, 30.5)
[17:24:52] [Server thread/INFO]: OlegHD69000 joined the game
[17:26:40] [Server thread/INFO]: OlegHD69000 burned to death
[17:26:54] [Server thread/WARN]: OlegHD69000 moved too quickly! -28.75140865087006,4.0,38.90275221150539
[17:26:54] [Server thread/WARN]: OlegHD69000 moved too quickly! -28.75140865087006,4.0,38.90275221150539
[17:26:54] [Server thread/WARN]: OlegHD69000 moved too quickly! -28.75140865087006,4.0,38.90275221150539
[17:26:54] [Server thread/WARN]: OlegHD69000 moved too quickly! -28.75140865087006,4.0,38.90275221150539
[17:26:54] [Server thread/WARN]: OlegHD69000 moved too quickly! -28.75140865087006,4.0,38.90275221150539
[17:28:06] [Server thread/INFO]: OlegHD69000 lost connection: Disconnected
[17:28:06] [Server thread/INFO]: OlegHD69000 left the game
[17:28:11] [Server thread/INFO]: Unknown or incomplete command, see below for error
[17:28:11] [Server thread/INFO]: stop[<--[HERE]
[17:28:13] [Server thread/INFO]: Stopping the server
[17:28:13] [Server thread/INFO]: Stopping server
[17:28:13] [Server thread/INFO]: Saving players
[17:28:13] [Server thread/INFO]: Saving worlds
[17:28:13] [Server thread/INFO]: Saving chunks for level 'ServerLevel[world]'/minecraft:overworld
[17:28:13] [Server thread/INFO]: Saving chunks for level 'ServerLevel[world]'/minecraft:the_nether
[17:28:13] [Server thread/INFO]: Saving chunks for level 'ServerLevel[world]'/minecraft:the_end
[17:28:13] [Server thread/INFO]: ThreadedAnvilChunkStorage (world): All chunks are saved
[17:28:13] [Server thread/INFO]: ThreadedAnvilChunkStorage (DIM-1): All chunks are saved
[17:28:13] [Server thread/INFO]: ThreadedAnvilChunkStorage (DIM1): All chunks are saved
[17:28:13] [Server thread/INFO]: ThreadedAnvilChunkStorage: All dimensions are saved
