[13:28:11] [ServerMain/INFO]: Environment: Environment[sessionHost=https://sessionserver.mojang.com, servicesHost=https://api.minecraftservices.com, name=PROD]
[13:28:12] [ServerMain/INFO]: Loaded 1290 recipes
[13:28:12] [ServerMain/INFO]: Loaded 1399 advancements
[13:28:13] [Server thread/INFO]: Starting minecraft server version 1.21
[13:28:13] [Server thread/INFO]: Loading properties
[13:28:13] [Server thread/INFO]: Default game type: SURVIVAL
[13:28:13] [Server thread/INFO]: Generating keypair
[13:28:13] [Server thread/INFO]: Starting Minecraft server on *:25565
[13:28:13] [Server thread/INFO]: Using default channel type
[13:28:13] [Server thread/WARN]: **** SERVER IS RUNNING IN OFFLINE/INSECURE MODE!
[13:28:13] [Server thread/WARN]: The server will make no attempt to authenticate usernames. Beware.
[13:28:13] [Server thread/WARN]: While this makes the game possible to play without internet access, it also opens up the ability for hackers to connect with any username they choose.
[13:28:13] [Server thread/WARN]: To change this, set "online-mode" to "true" in the server.properties file.
[13:28:13] [Server thread/INFO]: Preparing level "world"
[13:28:14] [Server thread/INFO]: Preparing start region for dimension minecraft:overworld
[13:28:14] [Worker-Main-1/INFO]: Preparing spawn area: 0%
[13:28:14] [Server thread/INFO]: Time elapsed: 314 ms
[13:28:14] [Server thread/INFO]: Done (0.755s)! For help, type "help"
[13:29:11] [Server thread/INFO]: Stopping the server
[13:29:11] [Server thread/INFO]: Stopping server
[13:29:11] [Server thread/INFO]: Saving players
[13:29:11] [Server thread/INFO]: Saving worlds
[13:29:11] [Server thread/INFO]: Saving chunks for level 'ServerLevel[world]'/minecraft:overworld
[13:29:11] [Server thread/INFO]: Saving chunks for level 'ServerLevel[world]'/minecraft:the_nether
[13:29:11] [Server thread/INFO]: Saving chunks for level 'ServerLevel[world]'/minecraft:the_end
[13:29:11] [Server thread/INFO]: ThreadedAnvilChunkStorage (world): All chunks are saved
[13:29:11] [Server thread/INFO]: ThreadedAnvilChunkStorage (DIM-1): All chunks are saved
[13:29:11] [Server thread/INFO]: ThreadedAnvilChunkStorage (DIM1): All chunks are saved
[13:29:11] [Server thread/INFO]: ThreadedAnvilChunkStorage: All dimensions are saved
