[16:49:21] [ServerMain/INFO]: Environment: Environment[sessionHost=https://sessionserver.mojang.com, servicesHost=https://api.minecraftservices.com, name=PROD]
[16:49:23] [ServerMain/INFO]: Loaded 1290 recipes
[16:49:23] [ServerMain/INFO]: Loaded 1399 advancements
[16:49:23] [Server thread/INFO]: Starting minecraft server version 1.21
[16:49:23] [Server thread/INFO]: Loading properties
[16:49:23] [Server thread/INFO]: Default game type: SURVIVAL
[16:49:23] [Server thread/INFO]: Generating keypair
[16:49:24] [Server thread/INFO]: Starting Minecraft server on *:25565
[16:49:24] [Server thread/INFO]: Using default channel type
[16:49:24] [Server thread/WARN]: **** SERVER IS RUNNING IN OFFLINE/INSECURE MODE!
[16:49:24] [Server thread/WARN]: The server will make no attempt to authenticate usernames. Beware.
[16:49:24] [Server thread/WARN]: While this makes the game possible to play without internet access, it also opens up the ability for hackers to connect with any username they choose.
[16:49:24] [Server thread/WARN]: To change this, set "online-mode" to "true" in the server.properties file.
[16:49:24] [Server thread/INFO]: Preparing level "world"
[16:49:24] [Server thread/INFO]: Preparing start region for dimension minecraft:overworld
[16:49:24] [Worker-Main-15/INFO]: Preparing spawn area: 0%
[16:49:25] [Server thread/INFO]: Time elapsed: 542 ms
[16:49:25] [Server thread/INFO]: Done (1.023s)! For help, type "help"
[16:49:25] [Server thread/INFO]: Starting remote control listener
[16:49:25] [Server thread/INFO]: Thread RCON Listener started
[16:49:25] [Server thread/INFO]: RCON running on 0.0.0.0:25575
[16:49:25] [Server thread/INFO]: JMX monitoring enabled
[16:49:26] [RCON Listener #1/INFO]: Thread RCON Client /192.168.100.106 started
[16:49:26] [Server thread/INFO]: [Not Secure] [Rcon] Server will stopp in...
[16:49:27] [Server thread/INFO]: [Not Secure] [Rcon] 5
[16:49:28] [Server thread/INFO]: [Not Secure] [Rcon] 4
[16:49:29] [Server thread/INFO]: [Not Secure] [Rcon] 3
[16:49:30] [Server thread/INFO]: [Not Secure] [Rcon] 2
[16:49:31] [Server thread/INFO]: [Not Secure] [Rcon] 1
[16:49:32] [Server thread/INFO]: [Rcon: Saved the game]
[16:49:32] [Server thread/INFO]: [Rcon: Stopping the server]
[16:49:32] [RCON Client /192.168.100.106 #2/INFO]: Thread RCON Client /192.168.100.106 shutting down
[16:49:32] [Server thread/INFO]: Stopping server
[16:49:32] [Server thread/INFO]: Saving players
[16:49:32] [Server thread/INFO]: Saving worlds
[16:49:32] [Server thread/INFO]: Saving chunks for level 'ServerLevel[World with Cristi]'/minecraft:overworld
[16:49:32] [Server thread/INFO]: Saving chunks for level 'ServerLevel[World with Cristi]'/minecraft:the_nether
[16:49:32] [Server thread/INFO]: Saving chunks for level 'ServerLevel[World with Cristi]'/minecraft:the_end
[16:49:32] [Server thread/INFO]: ThreadedAnvilChunkStorage (world): All chunks are saved
[16:49:32] [Server thread/INFO]: ThreadedAnvilChunkStorage (DIM-1): All chunks are saved
[16:49:32] [Server thread/INFO]: ThreadedAnvilChunkStorage (DIM1): All chunks are saved
[16:49:32] [Server thread/INFO]: ThreadedAnvilChunkStorage: All dimensions are saved
[16:49:32] [Server thread/INFO]: Thread RCON Listener stopped
